2018-08-30 === [main] === INFO  === com.xdw.PCWebApplication ==== Starting PCWebApplication on DESKTOP-BUHQKD8 with PID 4872 (D:\caohuan\xiao-dai-wang\xdw-pc\target\classes started by Mr_liu in D:\caohuan\xiao-dai-wang)
2018-08-30 === [main] === INFO  === com.xdw.PCWebApplication ==== The following profiles are active: dev
2018-08-30 === [main] === INFO  === o.s.b.c.e.AnnotationConfigEmbeddedWebApplicationContext ==== Refreshing org.springframework.boot.context.embedded.AnnotationConfigEmbeddedWebApplicationContext@2b9ed6da: startup date [Thu Aug 30 13:52:49 CST 2018]; root of context hierarchy
2018-08-30 === [main] === WARN  === org.mybatis.spring.mapper.ClassPathMapperScanner ==== No MyBatis mapper was found in '[com.shenmajr.insurance.mapper.oracle]' package. Please check your configuration.
2018-08-30 === [main] === INFO  === o.s.b.c.e.tomcat.TomcatEmbeddedServletContainer ==== Tomcat initialized with port(s): 8081 (http)
2018-08-30 === [main] === INFO  === org.apache.catalina.core.StandardService ==== Starting service [Tomcat]
2018-08-30 === [main] === INFO  === org.apache.catalina.core.StandardEngine ==== Starting Servlet Engine: Apache Tomcat/8.5.27
2018-08-30 === [localhost-startStop-1] === INFO  === org.apache.jasper.servlet.TldScanner ==== At least one JAR was scanned for TLDs yet contained no TLDs. Enable debug logging for this logger for a complete list of JARs that were scanned but no TLDs were found in them. Skipping unneeded JARs during scanning can improve startup time and JSP compilation time.
2018-08-30 === [localhost-startStop-1] === INFO  === o.a.c.core.ContainerBase.[Tomcat].[localhost].[/] ==== Initializing Spring embedded WebApplicationContext
2018-08-30 === [localhost-startStop-1] === INFO  === org.springframework.web.context.ContextLoader ==== Root WebApplicationContext: initialization completed in 2082 ms
2018-08-30 === [localhost-startStop-1] === INFO  === o.s.boot.web.servlet.ServletRegistrationBean ==== Mapping servlet: 'dispatcherServlet' to [/]
2018-08-30 === [localhost-startStop-1] === INFO  === o.s.boot.web.servlet.FilterRegistrationBean ==== Mapping filter: 'characterEncodingFilter' to: [/*]
2018-08-30 === [localhost-startStop-1] === INFO  === o.s.boot.web.servlet.FilterRegistrationBean ==== Mapping filter: 'hiddenHttpMethodFilter' to: [/*]
2018-08-30 === [localhost-startStop-1] === INFO  === o.s.boot.web.servlet.FilterRegistrationBean ==== Mapping filter: 'httpPutFormContentFilter' to: [/*]
2018-08-30 === [localhost-startStop-1] === INFO  === o.s.boot.web.servlet.FilterRegistrationBean ==== Mapping filter: 'requestContextFilter' to: [/*]
2018-08-30 === [main] === WARN  === o.s.b.c.e.AnnotationConfigEmbeddedWebApplicationContext ==== Exception encountered during context initialization - cancelling refresh attempt: org.springframework.beans.factory.UnsatisfiedDependencyException: Error creating bean with name 'userController': Unsatisfied dependency expressed through field 'userRegistService'; nested exception is org.springframework.beans.factory.UnsatisfiedDependencyException: Error creating bean with name 'userRegistServiceImpl': Unsatisfied dependency expressed through field 'userRegistDao'; nested exception is org.springframework.beans.factory.BeanCreationException: Error creating bean with name 'userRegistDao' defined in file [D:\caohuan\xiao-dai-wang\xdw-mapper\target\classes\com\xdw\dao\UserRegistDao.class]: Cannot resolve reference to bean 'sqlSessionTemplate' while setting bean property 'sqlSessionTemplate'; nested exception is org.springframework.beans.factory.UnsatisfiedDependencyException: Error creating bean with name 'sqlSessionTemplate' defined in class path resource [com/xdw/config/MySqlDatabaseConfiguration.class]: Unsatisfied dependency expressed through method 'sqlSessionTemplate' parameter 0; nested exception is org.springframework.beans.factory.BeanCreationException: Error creating bean with name 'sqlSessionFactory' defined in class path resource [com/xdw/config/MySqlDatabaseConfiguration.class]: Bean instantiation via factory method failed; nested exception is org.springframework.beans.BeanInstantiationException: Failed to instantiate [org.apache.ibatis.session.SqlSessionFactory]: Factory method 'sqlSessionFactory' threw exception; nested exception is org.springframework.core.NestedIOException: Failed to parse mapping resource: 'file [D:\caohuan\xiao-dai-wang\xdw-mapper\target\classes\mapper\UserLoanMapper.xml]'; nested exception is org.apache.ibatis.builder.BuilderException: Error parsing Mapper XML. Cause: java.lang.IllegalArgumentException: Mapped Statements collection already contains value for com.xdw.dao.UserLoanDao.selectUserLoanById
2018-08-30 === [main] === INFO  === org.apache.catalina.core.StandardService ==== Stopping service [Tomcat]
2018-08-30 === [main] === INFO  === o.s.b.a.l.AutoConfigurationReportLoggingInitializer ==== 

Error starting ApplicationContext. To display the auto-configuration report re-run your application with 'debug' enabled.
2018-08-30 === [main] === ERROR === org.springframework.boot.SpringApplication ==== Application startup failed
org.springframework.beans.factory.UnsatisfiedDependencyException: Error creating bean with name 'userController': Unsatisfied dependency expressed through field 'userRegistService'; nested exception is org.springframework.beans.factory.UnsatisfiedDependencyException: Error creating bean with name 'userRegistServiceImpl': Unsatisfied dependency expressed through field 'userRegistDao'; nested exception is org.springframework.beans.factory.BeanCreationException: Error creating bean with name 'userRegistDao' defined in file [D:\caohuan\xiao-dai-wang\xdw-mapper\target\classes\com\xdw\dao\UserRegistDao.class]: Cannot resolve reference to bean 'sqlSessionTemplate' while setting bean property 'sqlSessionTemplate'; nested exception is org.springframework.beans.factory.UnsatisfiedDependencyException: Error creating bean with name 'sqlSessionTemplate' defined in class path resource [com/xdw/config/MySqlDatabaseConfiguration.class]: Unsatisfied dependency expressed through method 'sqlSessionTemplate' parameter 0; nested exception is org.springframework.beans.factory.BeanCreationException: Error creating bean with name 'sqlSessionFactory' defined in class path resource [com/xdw/config/MySqlDatabaseConfiguration.class]: Bean instantiation via factory method failed; nested exception is org.springframework.beans.BeanInstantiationException: Failed to instantiate [org.apache.ibatis.session.SqlSessionFactory]: Factory method 'sqlSessionFactory' threw exception; nested exception is org.springframework.core.NestedIOException: Failed to parse mapping resource: 'file [D:\caohuan\xiao-dai-wang\xdw-mapper\target\classes\mapper\UserLoanMapper.xml]'; nested exception is org.apache.ibatis.builder.BuilderException: Error parsing Mapper XML. Cause: java.lang.IllegalArgumentException: Mapped Statements collection already contains value for com.xdw.dao.UserLoanDao.selectUserLoanById
	at org.springframework.beans.factory.annotation.AutowiredAnnotationBeanPostProcessor$AutowiredFieldElement.inject(AutowiredAnnotationBeanPostProcessor.java:588)
	at org.springframework.beans.factory.annotation.InjectionMetadata.inject(InjectionMetadata.java:88)
	at org.springframework.beans.factory.annotation.AutowiredAnnotationBeanPostProcessor.postProcessPropertyValues(AutowiredAnnotationBeanPostProcessor.java:366)
	at org.springframework.beans.factory.support.AbstractAutowireCapableBeanFactory.populateBean(AbstractAutowireCapableBeanFactory.java:1264)
	at org.springframework.beans.factory.support.AbstractAutowireCapableBeanFactory.doCreateBean(AbstractAutowireCapableBeanFactory.java:553)
	at org.springframework.beans.factory.support.AbstractAutowireCapableBeanFactory.createBean(AbstractAutowireCapableBeanFactory.java:483)
	at org.springframework.beans.factory.support.AbstractBeanFactory$1.getObject(AbstractBeanFactory.java:306)
	at org.springframework.beans.factory.support.DefaultSingletonBeanRegistry.getSingleton(DefaultSingletonBeanRegistry.java:230)
	at org.springframework.beans.factory.support.AbstractBeanFactory.doGetBean(AbstractBeanFactory.java:302)
	at org.springframework.beans.factory.support.AbstractBeanFactory.getBean(AbstractBeanFactory.java:197)
	at org.springframework.beans.factory.support.DefaultListableBeanFactory.preInstantiateSingletons(DefaultListableBeanFactory.java:761)
	at org.springframework.context.support.AbstractApplicationContext.finishBeanFactoryInitialization(AbstractApplicationContext.java:867)
	at org.springframework.context.support.AbstractApplicationContext.refresh(AbstractApplicationContext.java:543)
	at org.springframework.boot.context.embedded.EmbeddedWebApplicationContext.refresh(EmbeddedWebApplicationContext.java:122)
	at org.springframework.boot.SpringApplication.refresh(SpringApplication.java:693)
	at org.springframework.boot.SpringApplication.refreshContext(SpringApplication.java:360)
	at org.springframework.boot.SpringApplication.run(SpringApplication.java:303)
	at org.springframework.boot.SpringApplication.run(SpringApplication.java:1118)
	at org.springframework.boot.SpringApplication.run(SpringApplication.java:1107)
	at com.xdw.PCWebApplication.main(PCWebApplication.java:29)
Caused by: org.springframework.beans.factory.UnsatisfiedDependencyException: Error creating bean with name 'userRegistServiceImpl': Unsatisfied dependency expressed through field 'userRegistDao'; nested exception is org.springframework.beans.factory.BeanCreationException: Error creating bean with name 'userRegistDao' defined in file [D:\caohuan\xiao-dai-wang\xdw-mapper\target\classes\com\xdw\dao\UserRegistDao.class]: Cannot resolve reference to bean 'sqlSessionTemplate' while setting bean property 'sqlSessionTemplate'; nested exception is org.springframework.beans.factory.UnsatisfiedDependencyException: Error creating bean with name 'sqlSessionTemplate' defined in class path resource [com/xdw/config/MySqlDatabaseConfiguration.class]: Unsatisfied dependency expressed through method 'sqlSessionTemplate' parameter 0; nested exception is org.springframework.beans.factory.BeanCreationException: Error creating bean with name 'sqlSessionFactory' defined in class path resource [com/xdw/config/MySqlDatabaseConfiguration.class]: Bean instantiation via factory method failed; nested exception is org.springframework.beans.BeanInstantiationException: Failed to instantiate [org.apache.ibatis.session.SqlSessionFactory]: Factory method 'sqlSessionFactory' threw exception; nested exception is org.springframework.core.NestedIOException: Failed to parse mapping resource: 'file [D:\caohuan\xiao-dai-wang\xdw-mapper\target\classes\mapper\UserLoanMapper.xml]'; nested exception is org.apache.ibatis.builder.BuilderException: Error parsing Mapper XML. Cause: java.lang.IllegalArgumentException: Mapped Statements collection already contains value for com.xdw.dao.UserLoanDao.selectUserLoanById
	at org.springframework.beans.factory.annotation.AutowiredAnnotationBeanPostProcessor$AutowiredFieldElement.inject(AutowiredAnnotationBeanPostProcessor.java:588)
	at org.springframework.beans.factory.annotation.InjectionMetadata.inject(InjectionMetadata.java:88)
	at org.springframework.beans.factory.annotation.AutowiredAnnotationBeanPostProcessor.postProcessPropertyValues(AutowiredAnnotationBeanPostProcessor.java:366)
	at org.springframework.beans.factory.support.AbstractAutowireCapableBeanFactory.populateBean(AbstractAutowireCapableBeanFactory.java:1264)
	at org.springframework.beans.factory.support.AbstractAutowireCapableBeanFactory.doCreateBean(AbstractAutowireCapableBeanFactory.java:553)
	at org.springframework.beans.factory.support.AbstractAutowireCapableBeanFactory.createBean(AbstractAutowireCapableBeanFactory.java:483)
	at org.springframework.beans.factory.support.AbstractBeanFactory$1.getObject(AbstractBeanFactory.java:306)
	at org.springframework.beans.factory.support.DefaultSingletonBeanRegistry.getSingleton(DefaultSingletonBeanRegistry.java:230)
	at org.springframework.beans.factory.support.AbstractBeanFactory.doGetBean(AbstractBeanFactory.java:302)
	at org.springframework.beans.factory.support.AbstractBeanFactory.getBean(AbstractBeanFactory.java:202)
	at org.springframework.beans.factory.config.DependencyDescriptor.resolveCandidate(DependencyDescriptor.java:208)
	at org.springframework.beans.factory.support.DefaultListableBeanFactory.doResolveDependency(DefaultListableBeanFactory.java:1138)
	at org.springframework.beans.factory.support.DefaultListableBeanFactory.resolveDependency(DefaultListableBeanFactory.java:1066)
	at org.springframework.beans.factory.annotation.AutowiredAnnotationBeanPostProcessor$AutowiredFieldElement.inject(AutowiredAnnotationBeanPostProcessor.java:585)
	... 19 common frames omitted
Caused by: org.springframework.beans.factory.BeanCreationException: Error creating bean with name 'userRegistDao' defined in file [D:\caohuan\xiao-dai-wang\xdw-mapper\target\classes\com\xdw\dao\UserRegistDao.class]: Cannot resolve reference to bean 'sqlSessionTemplate' while setting bean property 'sqlSessionTemplate'; nested exception is org.springframework.beans.factory.UnsatisfiedDependencyException: Error creating bean with name 'sqlSessionTemplate' defined in class path resource [com/xdw/config/MySqlDatabaseConfiguration.class]: Unsatisfied dependency expressed through method 'sqlSessionTemplate' parameter 0; nested exception is org.springframework.beans.factory.BeanCreationException: Error creating bean with name 'sqlSessionFactory' defined in class path resource [com/xdw/config/MySqlDatabaseConfiguration.class]: Bean instantiation via factory method failed; nested exception is org.springframework.beans.BeanInstantiationException: Failed to instantiate [org.apache.ibatis.session.SqlSessionFactory]: Factory method 'sqlSessionFactory' threw exception; nested exception is org.springframework.core.NestedIOException: Failed to parse mapping resource: 'file [D:\caohuan\xiao-dai-wang\xdw-mapper\target\classes\mapper\UserLoanMapper.xml]'; nested exception is org.apache.ibatis.builder.BuilderException: Error parsing Mapper XML. Cause: java.lang.IllegalArgumentException: Mapped Statements collection already contains value for com.xdw.dao.UserLoanDao.selectUserLoanById
	at org.springframework.beans.factory.support.BeanDefinitionValueResolver.resolveReference(BeanDefinitionValueResolver.java:359)
	at org.springframework.beans.factory.support.BeanDefinitionValueResolver.resolveValueIfNecessary(BeanDefinitionValueResolver.java:108)
	at org.springframework.beans.factory.support.AbstractAutowireCapableBeanFactory.applyPropertyValues(AbstractAutowireCapableBeanFactory.java:1531)
	at org.springframework.beans.factory.support.AbstractAutowireCapableBeanFactory.populateBean(AbstractAutowireCapableBeanFactory.java:1276)
	at org.springframework.beans.factory.support.AbstractAutowireCapableBeanFactory.doCreateBean(AbstractAutowireCapableBeanFactory.java:553)
	at org.springframework.beans.factory.support.AbstractAutowireCapableBeanFactory.createBean(AbstractAutowireCapableBeanFactory.java:483)
	at org.springframework.beans.factory.support.AbstractBeanFactory$1.getObject(AbstractBeanFactory.java:306)
	at org.springframework.beans.factory.support.DefaultSingletonBeanRegistry.getSingleton(DefaultSingletonBeanRegistry.java:230)
	at org.springframework.beans.factory.support.AbstractBeanFactory.doGetBean(AbstractBeanFactory.java:302)
	at org.springframework.beans.factory.support.AbstractBeanFactory.getBean(AbstractBeanFactory.java:202)
	at org.springframework.beans.factory.config.DependencyDescriptor.resolveCandidate(DependencyDescriptor.java:208)
	at org.springframework.beans.factory.support.DefaultListableBeanFactory.doResolveDependency(DefaultListableBeanFactory.java:1138)
	at org.springframework.beans.factory.support.DefaultListableBeanFactory.resolveDependency(DefaultListableBeanFactory.java:1066)
	at org.springframework.beans.factory.annotation.AutowiredAnnotationBeanPostProcessor$AutowiredFieldElement.inject(AutowiredAnnotationBeanPostProcessor.java:585)
	... 32 common frames omitted
Caused by: org.springframework.beans.factory.UnsatisfiedDependencyException: Error creating bean with name 'sqlSessionTemplate' defined in class path resource [com/xdw/config/MySqlDatabaseConfiguration.class]: Unsatisfied dependency expressed through method 'sqlSessionTemplate' parameter 0; nested exception is org.springframework.beans.factory.BeanCreationException: Error creating bean with name 'sqlSessionFactory' defined in class path resource [com/xdw/config/MySqlDatabaseConfiguration.class]: Bean instantiation via factory method failed; nested exception is org.springframework.beans.BeanInstantiationException: Failed to instantiate [org.apache.ibatis.session.SqlSessionFactory]: Factory method 'sqlSessionFactory' threw exception; nested exception is org.springframework.core.NestedIOException: Failed to parse mapping resource: 'file [D:\caohuan\xiao-dai-wang\xdw-mapper\target\classes\mapper\UserLoanMapper.xml]'; nested exception is org.apache.ibatis.builder.BuilderException: Error parsing Mapper XML. Cause: java.lang.IllegalArgumentException: Mapped Statements collection already contains value for com.xdw.dao.UserLoanDao.selectUserLoanById
	at org.springframework.beans.factory.support.ConstructorResolver.createArgumentArray(ConstructorResolver.java:749)
	at org.springframework.beans.factory.support.ConstructorResolver.instantiateUsingFactoryMethod(ConstructorResolver.java:467)
	at org.springframework.beans.factory.support.AbstractAutowireCapableBeanFactory.instantiateUsingFactoryMethod(AbstractAutowireCapableBeanFactory.java:1173)
	at org.springframework.beans.factory.support.AbstractAutowireCapableBeanFactory.createBeanInstance(AbstractAutowireCapableBeanFactory.java:1067)
	at org.springframework.beans.factory.support.AbstractAutowireCapableBeanFactory.doCreateBean(AbstractAutowireCapableBeanFactory.java:513)
	at org.springframework.beans.factory.support.AbstractAutowireCapableBeanFactory.createBean(AbstractAutowireCapableBeanFactory.java:483)
	at org.springframework.beans.factory.support.AbstractBeanFactory$1.getObject(AbstractBeanFactory.java:306)
	at org.springframework.beans.factory.support.DefaultSingletonBeanRegistry.getSingleton(DefaultSingletonBeanRegistry.java:230)
	at org.springframework.beans.factory.support.AbstractBeanFactory.doGetBean(AbstractBeanFactory.java:302)
	at org.springframework.beans.factory.support.AbstractBeanFactory.getBean(AbstractBeanFactory.java:197)
	at org.springframework.beans.factory.support.BeanDefinitionValueResolver.resolveReference(BeanDefinitionValueResolver.java:351)
	... 45 common frames omitted
Caused by: org.springframework.beans.factory.BeanCreationException: Error creating bean with name 'sqlSessionFactory' defined in class path resource [com/xdw/config/MySqlDatabaseConfiguration.class]: Bean instantiation via factory method failed; nested exception is org.springframework.beans.BeanInstantiationException: Failed to instantiate [org.apache.ibatis.session.SqlSessionFactory]: Factory method 'sqlSessionFactory' threw exception; nested exception is org.springframework.core.NestedIOException: Failed to parse mapping resource: 'file [D:\caohuan\xiao-dai-wang\xdw-mapper\target\classes\mapper\UserLoanMapper.xml]'; nested exception is org.apache.ibatis.builder.BuilderException: Error parsing Mapper XML. Cause: java.lang.IllegalArgumentException: Mapped Statements collection already contains value for com.xdw.dao.UserLoanDao.selectUserLoanById
	at org.springframework.beans.factory.support.ConstructorResolver.instantiateUsingFactoryMethod(ConstructorResolver.java:599)
	at org.springframework.beans.factory.support.AbstractAutowireCapableBeanFactory.instantiateUsingFactoryMethod(AbstractAutowireCapableBeanFactory.java:1173)
	at org.springframework.beans.factory.support.AbstractAutowireCapableBeanFactory.createBeanInstance(AbstractAutowireCapableBeanFactory.java:1067)
	at org.springframework.beans.factory.support.AbstractAutowireCapableBeanFactory.doCreateBean(AbstractAutowireCapableBeanFactory.java:513)
	at org.springframework.beans.factory.support.AbstractAutowireCapableBeanFactory.createBean(AbstractAutowireCapableBeanFactory.java:483)
	at org.springframework.beans.factory.support.AbstractBeanFactory$1.getObject(AbstractBeanFactory.java:306)
	at org.springframework.beans.factory.support.DefaultSingletonBeanRegistry.getSingleton(DefaultSingletonBeanRegistry.java:230)
	at org.springframework.beans.factory.support.AbstractBeanFactory.doGetBean(AbstractBeanFactory.java:302)
	at org.springframework.beans.factory.support.AbstractBeanFactory.getBean(AbstractBeanFactory.java:202)
	at org.springframework.beans.factory.config.DependencyDescriptor.resolveCandidate(DependencyDescriptor.java:208)
	at org.springframework.beans.factory.support.DefaultListableBeanFactory.doResolveDependency(DefaultListableBeanFactory.java:1138)
	at org.springframework.beans.factory.support.DefaultListableBeanFactory.resolveDependency(DefaultListableBeanFactory.java:1066)
	at org.springframework.beans.factory.support.ConstructorResolver.resolveAutowiredArgument(ConstructorResolver.java:835)
	at org.springframework.beans.factory.support.ConstructorResolver.createArgumentArray(ConstructorResolver.java:741)
	... 55 common frames omitted
Caused by: org.springframework.beans.BeanInstantiationException: Failed to instantiate [org.apache.ibatis.session.SqlSessionFactory]: Factory method 'sqlSessionFactory' threw exception; nested exception is org.springframework.core.NestedIOException: Failed to parse mapping resource: 'file [D:\caohuan\xiao-dai-wang\xdw-mapper\target\classes\mapper\UserLoanMapper.xml]'; nested exception is org.apache.ibatis.builder.BuilderException: Error parsing Mapper XML. Cause: java.lang.IllegalArgumentException: Mapped Statements collection already contains value for com.xdw.dao.UserLoanDao.selectUserLoanById
	at org.springframework.beans.factory.support.SimpleInstantiationStrategy.instantiate(SimpleInstantiationStrategy.java:189)
	at org.springframework.beans.factory.support.ConstructorResolver.instantiateUsingFactoryMethod(ConstructorResolver.java:588)
	... 68 common frames omitted
Caused by: org.springframework.core.NestedIOException: Failed to parse mapping resource: 'file [D:\caohuan\xiao-dai-wang\xdw-mapper\target\classes\mapper\UserLoanMapper.xml]'; nested exception is org.apache.ibatis.builder.BuilderException: Error parsing Mapper XML. Cause: java.lang.IllegalArgumentException: Mapped Statements collection already contains value for com.xdw.dao.UserLoanDao.selectUserLoanById
	at org.mybatis.spring.SqlSessionFactoryBean.buildSqlSessionFactory(SqlSessionFactoryBean.java:523)
	at org.mybatis.spring.SqlSessionFactoryBean.afterPropertiesSet(SqlSessionFactoryBean.java:380)
	at org.mybatis.spring.SqlSessionFactoryBean.getObject(SqlSessionFactoryBean.java:547)
	at com.xdw.config.MySqlDatabaseConfiguration.sqlSessionFactory(MySqlDatabaseConfiguration.java:55)
	at com.xdw.config.MySqlDatabaseConfiguration$$EnhancerBySpringCGLIB$$38d280a3.CGLIB$sqlSessionFactory$1(<generated>)
	at com.xdw.config.MySqlDatabaseConfiguration$$EnhancerBySpringCGLIB$$38d280a3$$FastClassBySpringCGLIB$$27321661.invoke(<generated>)
	at org.springframework.cglib.proxy.MethodProxy.invokeSuper(MethodProxy.java:228)
	at org.springframework.context.annotation.ConfigurationClassEnhancer$BeanMethodInterceptor.intercept(ConfigurationClassEnhancer.java:358)
	at com.xdw.config.MySqlDatabaseConfiguration$$EnhancerBySpringCGLIB$$38d280a3.sqlSessionFactory(<generated>)
	at sun.reflect.NativeMethodAccessorImpl.invoke0(Native Method)
	at sun.reflect.NativeMethodAccessorImpl.invoke(NativeMethodAccessorImpl.java:62)
	at sun.reflect.DelegatingMethodAccessorImpl.invoke(DelegatingMethodAccessorImpl.java:43)
	at java.lang.reflect.Method.invoke(Method.java:498)
	at org.springframework.beans.factory.support.SimpleInstantiationStrategy.instantiate(SimpleInstantiationStrategy.java:162)
	... 69 common frames omitted
Caused by: org.apache.ibatis.builder.BuilderException: Error parsing Mapper XML. Cause: java.lang.IllegalArgumentException: Mapped Statements collection already contains value for com.xdw.dao.UserLoanDao.selectUserLoanById
	at org.apache.ibatis.builder.xml.XMLMapperBuilder.configurationElement(XMLMapperBuilder.java:120)
	at org.apache.ibatis.builder.xml.XMLMapperBuilder.parse(XMLMapperBuilder.java:92)
	at org.mybatis.spring.SqlSessionFactoryBean.buildSqlSessionFactory(SqlSessionFactoryBean.java:521)
	... 82 common frames omitted
Caused by: java.lang.IllegalArgumentException: Mapped Statements collection already contains value for com.xdw.dao.UserLoanDao.selectUserLoanById
	at org.apache.ibatis.session.Configuration$StrictMap.put(Configuration.java:872)
	at org.apache.ibatis.session.Configuration$StrictMap.put(Configuration.java:844)
	at org.apache.ibatis.session.Configuration.addMappedStatement(Configuration.java:668)
	at org.apache.ibatis.builder.MapperBuilderAssistant.addMappedStatement(MapperBuilderAssistant.java:302)
	at org.apache.ibatis.builder.xml.XMLStatementBuilder.parseStatementNode(XMLStatementBuilder.java:109)
	at org.apache.ibatis.builder.xml.XMLMapperBuilder.buildStatementFromContext(XMLMapperBuilder.java:135)
	at org.apache.ibatis.builder.xml.XMLMapperBuilder.buildStatementFromContext(XMLMapperBuilder.java:128)
	at org.apache.ibatis.builder.xml.XMLMapperBuilder.configurationElement(XMLMapperBuilder.java:118)
	... 84 common frames omitted
2018-08-30 === [main] === INFO  === com.xdw.PCWebApplication ==== Starting PCWebApplication on DESKTOP-BUHQKD8 with PID 10532 (D:\caohuan\xiao-dai-wang\xdw-pc\target\classes started by Mr_liu in D:\caohuan\xiao-dai-wang)
2018-08-30 === [main] === INFO  === com.xdw.PCWebApplication ==== The following profiles are active: dev
2018-08-30 === [main] === INFO  === o.s.b.c.e.AnnotationConfigEmbeddedWebApplicationContext ==== Refreshing org.springframework.boot.context.embedded.AnnotationConfigEmbeddedWebApplicationContext@14008db3: startup date [Thu Aug 30 14:00:11 CST 2018]; root of context hierarchy
2018-08-30 === [main] === WARN  === org.mybatis.spring.mapper.ClassPathMapperScanner ==== No MyBatis mapper was found in '[com.shenmajr.insurance.mapper.oracle]' package. Please check your configuration.
2018-08-30 === [main] === INFO  === o.s.b.c.e.tomcat.TomcatEmbeddedServletContainer ==== Tomcat initialized with port(s): 8081 (http)
2018-08-30 === [main] === INFO  === org.apache.catalina.core.StandardService ==== Starting service [Tomcat]
2018-08-30 === [main] === INFO  === org.apache.catalina.core.StandardEngine ==== Starting Servlet Engine: Apache Tomcat/8.5.27
2018-08-30 === [localhost-startStop-1] === INFO  === org.apache.jasper.servlet.TldScanner ==== At least one JAR was scanned for TLDs yet contained no TLDs. Enable debug logging for this logger for a complete list of JARs that were scanned but no TLDs were found in them. Skipping unneeded JARs during scanning can improve startup time and JSP compilation time.
2018-08-30 === [localhost-startStop-1] === INFO  === o.a.c.core.ContainerBase.[Tomcat].[localhost].[/] ==== Initializing Spring embedded WebApplicationContext
2018-08-30 === [localhost-startStop-1] === INFO  === org.springframework.web.context.ContextLoader ==== Root WebApplicationContext: initialization completed in 1647 ms
2018-08-30 === [localhost-startStop-1] === INFO  === o.s.boot.web.servlet.ServletRegistrationBean ==== Mapping servlet: 'dispatcherServlet' to [/]
2018-08-30 === [localhost-startStop-1] === INFO  === o.s.boot.web.servlet.FilterRegistrationBean ==== Mapping filter: 'characterEncodingFilter' to: [/*]
2018-08-30 === [localhost-startStop-1] === INFO  === o.s.boot.web.servlet.FilterRegistrationBean ==== Mapping filter: 'hiddenHttpMethodFilter' to: [/*]
2018-08-30 === [localhost-startStop-1] === INFO  === o.s.boot.web.servlet.FilterRegistrationBean ==== Mapping filter: 'httpPutFormContentFilter' to: [/*]
2018-08-30 === [localhost-startStop-1] === INFO  === o.s.boot.web.servlet.FilterRegistrationBean ==== Mapping filter: 'requestContextFilter' to: [/*]
2018-08-30 === [main] === INFO  === o.s.w.s.m.m.a.RequestMappingHandlerAdapter ==== Looking for @ControllerAdvice: org.springframework.boot.context.embedded.AnnotationConfigEmbeddedWebApplicationContext@14008db3: startup date [Thu Aug 30 14:00:11 CST 2018]; root of context hierarchy
2018-08-30 === [main] === INFO  === o.s.w.s.m.m.a.RequestMappingHandlerMapping ==== Mapped "{[/random/random]}" onto public com.xdw.util.JsonView com.xdw.controller.RandomController.random()
2018-08-30 === [main] === INFO  === o.s.w.s.m.m.a.RequestMappingHandlerMapping ==== Mapped "{[/merchant/sms/sendSMS],methods=[POST]}" onto public com.xdw.util.JsonView com.xdw.controller.SMSController.sendSMS(java.lang.String) throws com.aliyuncs.exceptions.ClientException
2018-08-30 === [main] === INFO  === o.s.w.s.m.m.a.RequestMappingHandlerMapping ==== Mapped "{[/merchant/sms/checkSMS],methods=[POST]}" onto public com.xdw.util.JsonView com.xdw.controller.SMSController.checkSMS(java.lang.String,java.lang.String,java.lang.String,java.lang.String)
2018-08-30 === [main] === INFO  === o.s.w.s.m.m.a.RequestMappingHandlerMapping ==== Mapped "{[/uploadFile/files]}" onto public com.xdw.util.JsonView com.xdw.controller.UploadFileController.uploadFile(org.springframework.web.multipart.MultipartFile[],javax.servlet.http.HttpServletRequest)
2018-08-30 === [main] === INFO  === o.s.w.s.m.m.a.RequestMappingHandlerMapping ==== Mapped "{[/user/login]}" onto public com.xdw.util.JsonView com.xdw.controller.userController.UserController.login(com.xdw.entity.UserRegist,org.apache.catalina.servlet4preview.http.HttpServletRequest)
2018-08-30 === [main] === INFO  === o.s.w.s.m.m.a.RequestMappingHandlerMapping ==== Mapped "{[/user/toQuit]}" onto public com.xdw.util.JsonView com.xdw.controller.userController.UserController.toQuit(com.xdw.entity.UserRegist,org.apache.catalina.servlet4preview.http.HttpServletRequest)
2018-08-30 === [main] === INFO  === o.s.w.s.m.m.a.RequestMappingHandlerMapping ==== Mapped "{[/user/insertUserRegist]}" onto public com.xdw.util.JsonView com.xdw.controller.userController.UserController.insertUserRegist(com.xdw.entity.UserRegist)
2018-08-30 === [main] === INFO  === o.s.w.s.m.m.a.RequestMappingHandlerMapping ==== Mapped "{[/user/rememberPassword]}" onto public com.xdw.util.JsonView com.xdw.controller.userController.UserController.rememberPassword(com.xdw.entity.UserRegist)
2018-08-30 === [main] === INFO  === o.s.w.s.m.m.a.RequestMappingHandlerMapping ==== Mapped "{[/user/updatePassword]}" onto public com.xdw.util.JsonView com.xdw.controller.userController.UserController.updatePassword(com.xdw.entity.UserRegist,java.lang.String)
2018-08-30 === [main] === INFO  === o.s.w.s.m.m.a.RequestMappingHandlerMapping ==== Mapped "{[/user/loan/insertUserLoanInfo],methods=[POST]}" onto public com.xdw.util.JsonView com.xdw.controller.userloanController.UserLoanController.insertUserLoanInfo(com.xdw.entity.UserLoan)
2018-08-30 === [main] === INFO  === o.s.w.s.m.m.a.RequestMappingHandlerMapping ==== Mapped "{[/user/loan/selectUserLoanById]}" onto public com.xdw.util.JsonView com.xdw.controller.userloanController.UserLoanController.selectUserLoanById(java.lang.Long)
2018-08-30 === [main] === INFO  === o.s.w.s.m.m.a.RequestMappingHandlerMapping ==== Mapped "{[/user/loan/selectUserLoanByUserId]}" onto public com.xdw.util.JsonView com.xdw.controller.userloanController.UserLoanController.selectUserLoanByUserId(java.lang.Long,com.xdw.util.PageRequest)
2018-08-30 === [main] === INFO  === o.s.w.s.m.m.a.RequestMappingHandlerMapping ==== Mapped "{[/user/loan/selectUserLoanAll]}" onto public com.xdw.util.JsonView com.xdw.controller.userloanController.UserLoanController.selectUserLoanAll(com.xdw.entity.UserLoan,com.xdw.util.PageRequest)
2018-08-30 === [main] === INFO  === o.s.w.s.m.m.a.RequestMappingHandlerMapping ==== Mapped "{[/user/loan/updateUserLoanInfoById]}" onto public com.xdw.util.JsonView com.xdw.controller.userloanController.UserLoanController.updateUserLoanInfoById(com.xdw.entity.UserLoan)
2018-08-30 === [main] === INFO  === o.s.w.s.m.m.a.RequestMappingHandlerMapping ==== Mapped "{[/error]}" onto public org.springframework.http.ResponseEntity<java.util.Map<java.lang.String, java.lang.Object>> org.springframework.boot.autoconfigure.web.BasicErrorController.error(javax.servlet.http.HttpServletRequest)
2018-08-30 === [main] === INFO  === o.s.w.s.m.m.a.RequestMappingHandlerMapping ==== Mapped "{[/error],produces=[text/html]}" onto public org.springframework.web.servlet.ModelAndView org.springframework.boot.autoconfigure.web.BasicErrorController.errorHtml(javax.servlet.http.HttpServletRequest,javax.servlet.http.HttpServletResponse)
2018-08-30 === [main] === INFO  === o.s.web.servlet.handler.SimpleUrlHandlerMapping ==== Mapped URL path [/webjars/**] onto handler of type [class org.springframework.web.servlet.resource.ResourceHttpRequestHandler]
2018-08-30 === [main] === INFO  === o.s.web.servlet.handler.SimpleUrlHandlerMapping ==== Mapped URL path [/**] onto handler of type [class org.springframework.web.servlet.resource.ResourceHttpRequestHandler]
2018-08-30 === [main] === INFO  === o.s.web.servlet.handler.SimpleUrlHandlerMapping ==== Mapped URL path [/**/favicon.ico] onto handler of type [class org.springframework.web.servlet.resource.ResourceHttpRequestHandler]
2018-08-30 === [main] === INFO  === o.s.jmx.export.annotation.AnnotationMBeanExporter ==== Registering beans for JMX exposure on startup
2018-08-30 === [main] === INFO  === o.s.b.c.e.tomcat.TomcatEmbeddedServletContainer ==== Tomcat started on port(s): 8081 (http)
2018-08-30 === [main] === INFO  === com.xdw.PCWebApplication ==== Started PCWebApplication in 3.869 seconds (JVM running for 5.001)
2018-08-30 === [http-nio-8081-exec-2] === INFO  === o.a.c.core.ContainerBase.[Tomcat].[localhost].[/] ==== Initializing Spring FrameworkServlet 'dispatcherServlet'
2018-08-30 === [http-nio-8081-exec-2] === INFO  === org.springframework.web.servlet.DispatcherServlet ==== FrameworkServlet 'dispatcherServlet': initialization started
2018-08-30 === [http-nio-8081-exec-2] === INFO  === org.springframework.web.servlet.DispatcherServlet ==== FrameworkServlet 'dispatcherServlet': initialization completed in 21 ms
2018-08-30 === [http-nio-8081-exec-2] === WARN  === org.apache.tomcat.jdbc.pool.PooledConnection ==== Not loading a JDBC driver as driverClassName property is null.
2018-08-30 === [http-nio-8081-exec-2] === WARN  === org.apache.tomcat.jdbc.pool.PooledConnection ==== Not loading a JDBC driver as driverClassName property is null.
2018-08-30 === [http-nio-8081-exec-2] === WARN  === org.apache.tomcat.jdbc.pool.PooledConnection ==== Not loading a JDBC driver as driverClassName property is null.
2018-08-30 === [http-nio-8081-exec-2] === WARN  === org.apache.tomcat.jdbc.pool.PooledConnection ==== Not loading a JDBC driver as driverClassName property is null.
2018-08-30 === [http-nio-8081-exec-2] === WARN  === org.apache.tomcat.jdbc.pool.PooledConnection ==== Not loading a JDBC driver as driverClassName property is null.
2018-08-30 === [http-nio-8081-exec-2] === WARN  === org.apache.tomcat.jdbc.pool.PooledConnection ==== Not loading a JDBC driver as driverClassName property is null.
2018-08-30 === [http-nio-8081-exec-2] === WARN  === org.apache.tomcat.jdbc.pool.PooledConnection ==== Not loading a JDBC driver as driverClassName property is null.
2018-08-30 === [http-nio-8081-exec-2] === WARN  === org.apache.tomcat.jdbc.pool.PooledConnection ==== Not loading a JDBC driver as driverClassName property is null.
2018-08-30 === [http-nio-8081-exec-2] === WARN  === org.apache.tomcat.jdbc.pool.PooledConnection ==== Not loading a JDBC driver as driverClassName property is null.
2018-08-30 === [http-nio-8081-exec-2] === WARN  === org.apache.tomcat.jdbc.pool.PooledConnection ==== Not loading a JDBC driver as driverClassName property is null.
2018-08-30 === [http-nio-8081-exec-2] === DEBUG === com.xdw.dao.UserRegistDao.updateUserInfo ==== ==>  Preparing: update user_regist SET password = ?, updateTime = ? where id = ? 
2018-08-30 === [http-nio-8081-exec-2] === DEBUG === com.xdw.dao.UserRegistDao.updateUserInfo ==== ==> Parameters: e10adc3949ba59abbe56e057f20f883e(String), 2018-08-30 14:03:11.817(Timestamp), 1(Long)
2018-08-30 === [http-nio-8081-exec-2] === DEBUG === com.xdw.dao.UserRegistDao.updateUserInfo ==== <==    Updates: 1
2018-08-30 === [http-nio-8081-exec-7] === DEBUG === com.xdw.dao.UserRegistDao.login ==== ==>  Preparing: select * from user_regist where userName = ? and password = ? 
2018-08-30 === [http-nio-8081-exec-7] === DEBUG === com.xdw.dao.UserRegistDao.login ==== ==> Parameters: null, 81dc9bdb52d04dc20036dbd8313ed055(String)
2018-08-30 === [http-nio-8081-exec-7] === DEBUG === com.xdw.dao.UserRegistDao.login ==== <==      Total: 0
2018-08-30 === [http-nio-8081-exec-6] === DEBUG === com.xdw.dao.UserRegistDao.login ==== ==>  Preparing: select * from user_regist where userName = ? and password = ? 
2018-08-30 === [http-nio-8081-exec-6] === DEBUG === com.xdw.dao.UserRegistDao.login ==== ==> Parameters: null, e10adc3949ba59abbe56e057f20f883e(String)
2018-08-30 === [http-nio-8081-exec-6] === DEBUG === com.xdw.dao.UserRegistDao.login ==== <==      Total: 0
2018-08-30 === [http-nio-8081-exec-9] === DEBUG === com.xdw.dao.UserRegistDao.login ==== ==>  Preparing: select * from user_regist where userName = ? and password = ? 
2018-08-30 === [http-nio-8081-exec-9] === DEBUG === com.xdw.dao.UserRegistDao.login ==== ==> Parameters: null, e10adc3949ba59abbe56e057f20f883e(String)
2018-08-30 === [http-nio-8081-exec-9] === DEBUG === com.xdw.dao.UserRegistDao.login ==== <==      Total: 0
2018-08-30 === [main] === INFO  === com.xdw.PCWebApplication ==== Starting PCWebApplication on DESKTOP-BUHQKD8 with PID 18048 (D:\caohuan\xiao-dai-wang\xdw-pc\target\classes started by Mr_liu in D:\caohuan\xiao-dai-wang)
2018-08-30 === [main] === INFO  === com.xdw.PCWebApplication ==== The following profiles are active: dev
2018-08-30 === [main] === INFO  === o.s.b.c.e.AnnotationConfigEmbeddedWebApplicationContext ==== Refreshing org.springframework.boot.context.embedded.AnnotationConfigEmbeddedWebApplicationContext@78a773fd: startup date [Thu Aug 30 14:11:50 CST 2018]; root of context hierarchy
2018-08-30 === [main] === WARN  === org.mybatis.spring.mapper.ClassPathMapperScanner ==== No MyBatis mapper was found in '[com.shenmajr.insurance.mapper.oracle]' package. Please check your configuration.
2018-08-30 === [main] === INFO  === o.s.b.c.e.tomcat.TomcatEmbeddedServletContainer ==== Tomcat initialized with port(s): 8081 (http)
2018-08-30 === [main] === INFO  === org.apache.catalina.core.StandardService ==== Starting service [Tomcat]
2018-08-30 === [main] === INFO  === org.apache.catalina.core.StandardEngine ==== Starting Servlet Engine: Apache Tomcat/8.5.27
2018-08-30 === [localhost-startStop-1] === INFO  === org.apache.jasper.servlet.TldScanner ==== At least one JAR was scanned for TLDs yet contained no TLDs. Enable debug logging for this logger for a complete list of JARs that were scanned but no TLDs were found in them. Skipping unneeded JARs during scanning can improve startup time and JSP compilation time.
2018-08-30 === [localhost-startStop-1] === INFO  === o.a.c.core.ContainerBase.[Tomcat].[localhost].[/] ==== Initializing Spring embedded WebApplicationContext
2018-08-30 === [localhost-startStop-1] === INFO  === org.springframework.web.context.ContextLoader ==== Root WebApplicationContext: initialization completed in 1665 ms
2018-08-30 === [localhost-startStop-1] === INFO  === o.s.boot.web.servlet.ServletRegistrationBean ==== Mapping servlet: 'dispatcherServlet' to [/]
2018-08-30 === [localhost-startStop-1] === INFO  === o.s.boot.web.servlet.FilterRegistrationBean ==== Mapping filter: 'characterEncodingFilter' to: [/*]
2018-08-30 === [localhost-startStop-1] === INFO  === o.s.boot.web.servlet.FilterRegistrationBean ==== Mapping filter: 'hiddenHttpMethodFilter' to: [/*]
2018-08-30 === [localhost-startStop-1] === INFO  === o.s.boot.web.servlet.FilterRegistrationBean ==== Mapping filter: 'httpPutFormContentFilter' to: [/*]
2018-08-30 === [localhost-startStop-1] === INFO  === o.s.boot.web.servlet.FilterRegistrationBean ==== Mapping filter: 'requestContextFilter' to: [/*]
2018-08-30 === [main] === INFO  === o.s.w.s.m.m.a.RequestMappingHandlerAdapter ==== Looking for @ControllerAdvice: org.springframework.boot.context.embedded.AnnotationConfigEmbeddedWebApplicationContext@78a773fd: startup date [Thu Aug 30 14:11:50 CST 2018]; root of context hierarchy
2018-08-30 === [main] === INFO  === o.s.w.s.m.m.a.RequestMappingHandlerMapping ==== Mapped "{[/random/random]}" onto public com.xdw.util.JsonView com.xdw.controller.RandomController.random()
2018-08-30 === [main] === INFO  === o.s.w.s.m.m.a.RequestMappingHandlerMapping ==== Mapped "{[/merchant/sms/sendSMS],methods=[POST]}" onto public com.xdw.util.JsonView com.xdw.controller.SMSController.sendSMS(java.lang.String) throws com.aliyuncs.exceptions.ClientException
2018-08-30 === [main] === INFO  === o.s.w.s.m.m.a.RequestMappingHandlerMapping ==== Mapped "{[/merchant/sms/checkSMS],methods=[POST]}" onto public com.xdw.util.JsonView com.xdw.controller.SMSController.checkSMS(java.lang.String,java.lang.String,java.lang.String,java.lang.String)
2018-08-30 === [main] === INFO  === o.s.w.s.m.m.a.RequestMappingHandlerMapping ==== Mapped "{[/uploadFile/files]}" onto public com.xdw.util.JsonView com.xdw.controller.UploadFileController.uploadFile(org.springframework.web.multipart.MultipartFile[],javax.servlet.http.HttpServletRequest)
2018-08-30 === [main] === INFO  === o.s.w.s.m.m.a.RequestMappingHandlerMapping ==== Mapped "{[/user/login]}" onto public com.xdw.util.JsonView com.xdw.controller.userController.UserController.login(com.xdw.entity.UserRegist,org.apache.catalina.servlet4preview.http.HttpServletRequest)
2018-08-30 === [main] === INFO  === o.s.w.s.m.m.a.RequestMappingHandlerMapping ==== Mapped "{[/user/insertUserRegist]}" onto public com.xdw.util.JsonView com.xdw.controller.userController.UserController.insertUserRegist(com.xdw.entity.UserRegist)
2018-08-30 === [main] === INFO  === o.s.w.s.m.m.a.RequestMappingHandlerMapping ==== Mapped "{[/user/rememberPassword]}" onto public com.xdw.util.JsonView com.xdw.controller.userController.UserController.rememberPassword(com.xdw.entity.UserRegist)
2018-08-30 === [main] === INFO  === o.s.w.s.m.m.a.RequestMappingHandlerMapping ==== Mapped "{[/user/updatePassword]}" onto public com.xdw.util.JsonView com.xdw.controller.userController.UserController.updatePassword(com.xdw.entity.UserRegist,java.lang.String)
2018-08-30 === [main] === INFO  === o.s.w.s.m.m.a.RequestMappingHandlerMapping ==== Mapped "{[/user/toQuit]}" onto public com.xdw.util.JsonView com.xdw.controller.userController.UserController.toQuit(com.xdw.entity.UserRegist,org.apache.catalina.servlet4preview.http.HttpServletRequest)
2018-08-30 === [main] === INFO  === o.s.w.s.m.m.a.RequestMappingHandlerMapping ==== Mapped "{[/user/loan/selectUserLoanByUserId]}" onto public com.xdw.util.JsonView com.xdw.controller.userloanController.UserLoanController.selectUserLoanByUserId(java.lang.Long,com.xdw.util.PageRequest)
2018-08-30 === [main] === INFO  === o.s.w.s.m.m.a.RequestMappingHandlerMapping ==== Mapped "{[/user/loan/insertUserLoanInfo],methods=[POST]}" onto public com.xdw.util.JsonView com.xdw.controller.userloanController.UserLoanController.insertUserLoanInfo(com.xdw.entity.UserLoan)
2018-08-30 === [main] === INFO  === o.s.w.s.m.m.a.RequestMappingHandlerMapping ==== Mapped "{[/user/loan/selectUserLoanAll]}" onto public com.xdw.util.JsonView com.xdw.controller.userloanController.UserLoanController.selectUserLoanAll(com.xdw.entity.UserLoan,com.xdw.util.PageRequest)
2018-08-30 === [main] === INFO  === o.s.w.s.m.m.a.RequestMappingHandlerMapping ==== Mapped "{[/user/loan/selectUserLoanById]}" onto public com.xdw.util.JsonView com.xdw.controller.userloanController.UserLoanController.selectUserLoanById(java.lang.Long)
2018-08-30 === [main] === INFO  === o.s.w.s.m.m.a.RequestMappingHandlerMapping ==== Mapped "{[/user/loan/updateUserLoanInfoById]}" onto public com.xdw.util.JsonView com.xdw.controller.userloanController.UserLoanController.updateUserLoanInfoById(com.xdw.entity.UserLoan)
2018-08-30 === [main] === INFO  === o.s.w.s.m.m.a.RequestMappingHandlerMapping ==== Mapped "{[/error]}" onto public org.springframework.http.ResponseEntity<java.util.Map<java.lang.String, java.lang.Object>> org.springframework.boot.autoconfigure.web.BasicErrorController.error(javax.servlet.http.HttpServletRequest)
2018-08-30 === [main] === INFO  === o.s.w.s.m.m.a.RequestMappingHandlerMapping ==== Mapped "{[/error],produces=[text/html]}" onto public org.springframework.web.servlet.ModelAndView org.springframework.boot.autoconfigure.web.BasicErrorController.errorHtml(javax.servlet.http.HttpServletRequest,javax.servlet.http.HttpServletResponse)
2018-08-30 === [main] === INFO  === o.s.web.servlet.handler.SimpleUrlHandlerMapping ==== Mapped URL path [/webjars/**] onto handler of type [class org.springframework.web.servlet.resource.ResourceHttpRequestHandler]
2018-08-30 === [main] === INFO  === o.s.web.servlet.handler.SimpleUrlHandlerMapping ==== Mapped URL path [/**] onto handler of type [class org.springframework.web.servlet.resource.ResourceHttpRequestHandler]
2018-08-30 === [main] === INFO  === o.s.web.servlet.handler.SimpleUrlHandlerMapping ==== Mapped URL path [/**/favicon.ico] onto handler of type [class org.springframework.web.servlet.resource.ResourceHttpRequestHandler]
2018-08-30 === [main] === INFO  === o.s.jmx.export.annotation.AnnotationMBeanExporter ==== Registering beans for JMX exposure on startup
2018-08-30 === [main] === INFO  === o.s.b.c.e.tomcat.TomcatEmbeddedServletContainer ==== Tomcat started on port(s): 8081 (http)
2018-08-30 === [main] === INFO  === com.xdw.PCWebApplication ==== Started PCWebApplication in 3.934 seconds (JVM running for 4.897)
2018-08-30 === [http-nio-8081-exec-1] === INFO  === o.a.c.core.ContainerBase.[Tomcat].[localhost].[/] ==== Initializing Spring FrameworkServlet 'dispatcherServlet'
2018-08-30 === [http-nio-8081-exec-1] === INFO  === org.springframework.web.servlet.DispatcherServlet ==== FrameworkServlet 'dispatcherServlet': initialization started
2018-08-30 === [http-nio-8081-exec-1] === INFO  === org.springframework.web.servlet.DispatcherServlet ==== FrameworkServlet 'dispatcherServlet': initialization completed in 22 ms
2018-08-30 === [http-nio-8081-exec-1] === WARN  === org.apache.tomcat.jdbc.pool.PooledConnection ==== Not loading a JDBC driver as driverClassName property is null.
2018-08-30 === [http-nio-8081-exec-1] === WARN  === org.apache.tomcat.jdbc.pool.PooledConnection ==== Not loading a JDBC driver as driverClassName property is null.
2018-08-30 === [http-nio-8081-exec-1] === WARN  === org.apache.tomcat.jdbc.pool.PooledConnection ==== Not loading a JDBC driver as driverClassName property is null.
2018-08-30 === [http-nio-8081-exec-1] === WARN  === org.apache.tomcat.jdbc.pool.PooledConnection ==== Not loading a JDBC driver as driverClassName property is null.
2018-08-30 === [http-nio-8081-exec-1] === WARN  === org.apache.tomcat.jdbc.pool.PooledConnection ==== Not loading a JDBC driver as driverClassName property is null.
2018-08-30 === [http-nio-8081-exec-1] === WARN  === org.apache.tomcat.jdbc.pool.PooledConnection ==== Not loading a JDBC driver as driverClassName property is null.
2018-08-30 === [http-nio-8081-exec-1] === WARN  === org.apache.tomcat.jdbc.pool.PooledConnection ==== Not loading a JDBC driver as driverClassName property is null.
2018-08-30 === [http-nio-8081-exec-1] === WARN  === org.apache.tomcat.jdbc.pool.PooledConnection ==== Not loading a JDBC driver as driverClassName property is null.
2018-08-30 === [http-nio-8081-exec-1] === WARN  === org.apache.tomcat.jdbc.pool.PooledConnection ==== Not loading a JDBC driver as driverClassName property is null.
2018-08-30 === [http-nio-8081-exec-1] === WARN  === org.apache.tomcat.jdbc.pool.PooledConnection ==== Not loading a JDBC driver as driverClassName property is null.
2018-08-30 === [http-nio-8081-exec-1] === DEBUG === com.xdw.dao.UserRegistDao.login ==== ==>  Preparing: select * from user_regist where 1=1 and password = ? and id = ? 
2018-08-30 === [http-nio-8081-exec-1] === DEBUG === com.xdw.dao.UserRegistDao.login ==== ==> Parameters: e10adc3949ba59abbe56e057f20f883e(String), 1(Long)
2018-08-30 === [http-nio-8081-exec-1] === DEBUG === com.xdw.dao.UserRegistDao.login ==== <==      Total: 1
2018-08-30 === [http-nio-8081-exec-1] === DEBUG === com.xdw.dao.UserRegistDao.updateUserInfo ==== ==>  Preparing: update user_regist SET password = ?, where id = ? 
2018-08-30 === [http-nio-8081-exec-1] === DEBUG === com.xdw.dao.UserRegistDao.updateUserInfo ==== ==> Parameters: fcea920f7412b5da7be0cf42b8c93759(String), 1(Long)
2018-08-30 === [http-nio-8081-exec-1] === INFO  === o.s.beans.factory.xml.XmlBeanDefinitionReader ==== Loading XML bean definitions from class path resource [org/springframework/jdbc/support/sql-error-codes.xml]
2018-08-30 === [http-nio-8081-exec-1] === INFO  === o.s.jdbc.support.SQLErrorCodesFactory ==== SQLErrorCodes loaded: [DB2, Derby, H2, HSQL, Informix, MS-SQL, MySQL, Oracle, PostgreSQL, Sybase, Hana]
2018-08-30 === [main] === INFO  === com.xdw.PCWebApplication ==== Starting PCWebApplication on DESKTOP-BUHQKD8 with PID 15244 (D:\caohuan\xiao-dai-wang\xdw-pc\target\classes started by Mr_liu in D:\caohuan\xiao-dai-wang)
2018-08-30 === [main] === INFO  === com.xdw.PCWebApplication ==== The following profiles are active: dev
2018-08-30 === [main] === INFO  === o.s.b.c.e.AnnotationConfigEmbeddedWebApplicationContext ==== Refreshing org.springframework.boot.context.embedded.AnnotationConfigEmbeddedWebApplicationContext@78a773fd: startup date [Thu Aug 30 14:13:13 CST 2018]; root of context hierarchy
2018-08-30 === [main] === WARN  === org.mybatis.spring.mapper.ClassPathMapperScanner ==== No MyBatis mapper was found in '[com.shenmajr.insurance.mapper.oracle]' package. Please check your configuration.
2018-08-30 === [main] === INFO  === o.s.b.c.e.tomcat.TomcatEmbeddedServletContainer ==== Tomcat initialized with port(s): 8081 (http)
2018-08-30 === [main] === INFO  === org.apache.catalina.core.StandardService ==== Starting service [Tomcat]
2018-08-30 === [main] === INFO  === org.apache.catalina.core.StandardEngine ==== Starting Servlet Engine: Apache Tomcat/8.5.27
2018-08-30 === [localhost-startStop-1] === INFO  === org.apache.jasper.servlet.TldScanner ==== At least one JAR was scanned for TLDs yet contained no TLDs. Enable debug logging for this logger for a complete list of JARs that were scanned but no TLDs were found in them. Skipping unneeded JARs during scanning can improve startup time and JSP compilation time.
2018-08-30 === [localhost-startStop-1] === INFO  === o.a.c.core.ContainerBase.[Tomcat].[localhost].[/] ==== Initializing Spring embedded WebApplicationContext
2018-08-30 === [localhost-startStop-1] === INFO  === org.springframework.web.context.ContextLoader ==== Root WebApplicationContext: initialization completed in 1648 ms
2018-08-30 === [localhost-startStop-1] === INFO  === o.s.boot.web.servlet.ServletRegistrationBean ==== Mapping servlet: 'dispatcherServlet' to [/]
2018-08-30 === [localhost-startStop-1] === INFO  === o.s.boot.web.servlet.FilterRegistrationBean ==== Mapping filter: 'characterEncodingFilter' to: [/*]
2018-08-30 === [localhost-startStop-1] === INFO  === o.s.boot.web.servlet.FilterRegistrationBean ==== Mapping filter: 'hiddenHttpMethodFilter' to: [/*]
2018-08-30 === [localhost-startStop-1] === INFO  === o.s.boot.web.servlet.FilterRegistrationBean ==== Mapping filter: 'httpPutFormContentFilter' to: [/*]
2018-08-30 === [localhost-startStop-1] === INFO  === o.s.boot.web.servlet.FilterRegistrationBean ==== Mapping filter: 'requestContextFilter' to: [/*]
2018-08-30 === [main] === INFO  === o.s.w.s.m.m.a.RequestMappingHandlerAdapter ==== Looking for @ControllerAdvice: org.springframework.boot.context.embedded.AnnotationConfigEmbeddedWebApplicationContext@78a773fd: startup date [Thu Aug 30 14:13:13 CST 2018]; root of context hierarchy
2018-08-30 === [main] === INFO  === o.s.w.s.m.m.a.RequestMappingHandlerMapping ==== Mapped "{[/random/random]}" onto public com.xdw.util.JsonView com.xdw.controller.RandomController.random()
2018-08-30 === [main] === INFO  === o.s.w.s.m.m.a.RequestMappingHandlerMapping ==== Mapped "{[/merchant/sms/sendSMS],methods=[POST]}" onto public com.xdw.util.JsonView com.xdw.controller.SMSController.sendSMS(java.lang.String) throws com.aliyuncs.exceptions.ClientException
2018-08-30 === [main] === INFO  === o.s.w.s.m.m.a.RequestMappingHandlerMapping ==== Mapped "{[/merchant/sms/checkSMS],methods=[POST]}" onto public com.xdw.util.JsonView com.xdw.controller.SMSController.checkSMS(java.lang.String,java.lang.String,java.lang.String,java.lang.String)
2018-08-30 === [main] === INFO  === o.s.w.s.m.m.a.RequestMappingHandlerMapping ==== Mapped "{[/uploadFile/files]}" onto public com.xdw.util.JsonView com.xdw.controller.UploadFileController.uploadFile(org.springframework.web.multipart.MultipartFile[],javax.servlet.http.HttpServletRequest)
2018-08-30 === [main] === INFO  === o.s.w.s.m.m.a.RequestMappingHandlerMapping ==== Mapped "{[/user/rememberPassword]}" onto public com.xdw.util.JsonView com.xdw.controller.userController.UserController.rememberPassword(com.xdw.entity.UserRegist)
2018-08-30 === [main] === INFO  === o.s.w.s.m.m.a.RequestMappingHandlerMapping ==== Mapped "{[/user/login]}" onto public com.xdw.util.JsonView com.xdw.controller.userController.UserController.login(com.xdw.entity.UserRegist,org.apache.catalina.servlet4preview.http.HttpServletRequest)
2018-08-30 === [main] === INFO  === o.s.w.s.m.m.a.RequestMappingHandlerMapping ==== Mapped "{[/user/toQuit]}" onto public com.xdw.util.JsonView com.xdw.controller.userController.UserController.toQuit(com.xdw.entity.UserRegist,org.apache.catalina.servlet4preview.http.HttpServletRequest)
2018-08-30 === [main] === INFO  === o.s.w.s.m.m.a.RequestMappingHandlerMapping ==== Mapped "{[/user/insertUserRegist]}" onto public com.xdw.util.JsonView com.xdw.controller.userController.UserController.insertUserRegist(com.xdw.entity.UserRegist)
2018-08-30 === [main] === INFO  === o.s.w.s.m.m.a.RequestMappingHandlerMapping ==== Mapped "{[/user/updatePassword]}" onto public com.xdw.util.JsonView com.xdw.controller.userController.UserController.updatePassword(com.xdw.entity.UserRegist,java.lang.String)
2018-08-30 === [main] === INFO  === o.s.w.s.m.m.a.RequestMappingHandlerMapping ==== Mapped "{[/user/loan/selectUserLoanById]}" onto public com.xdw.util.JsonView com.xdw.controller.userloanController.UserLoanController.selectUserLoanById(java.lang.Long)
2018-08-30 === [main] === INFO  === o.s.w.s.m.m.a.RequestMappingHandlerMapping ==== Mapped "{[/user/loan/selectUserLoanAll]}" onto public com.xdw.util.JsonView com.xdw.controller.userloanController.UserLoanController.selectUserLoanAll(com.xdw.entity.UserLoan,com.xdw.util.PageRequest)
2018-08-30 === [main] === INFO  === o.s.w.s.m.m.a.RequestMappingHandlerMapping ==== Mapped "{[/user/loan/updateUserLoanInfoById]}" onto public com.xdw.util.JsonView com.xdw.controller.userloanController.UserLoanController.updateUserLoanInfoById(com.xdw.entity.UserLoan)
2018-08-30 === [main] === INFO  === o.s.w.s.m.m.a.RequestMappingHandlerMapping ==== Mapped "{[/user/loan/selectUserLoanByUserId]}" onto public com.xdw.util.JsonView com.xdw.controller.userloanController.UserLoanController.selectUserLoanByUserId(java.lang.Long,com.xdw.util.PageRequest)
2018-08-30 === [main] === INFO  === o.s.w.s.m.m.a.RequestMappingHandlerMapping ==== Mapped "{[/user/loan/insertUserLoanInfo],methods=[POST]}" onto public com.xdw.util.JsonView com.xdw.controller.userloanController.UserLoanController.insertUserLoanInfo(com.xdw.entity.UserLoan)
2018-08-30 === [main] === INFO  === o.s.w.s.m.m.a.RequestMappingHandlerMapping ==== Mapped "{[/error]}" onto public org.springframework.http.ResponseEntity<java.util.Map<java.lang.String, java.lang.Object>> org.springframework.boot.autoconfigure.web.BasicErrorController.error(javax.servlet.http.HttpServletRequest)
2018-08-30 === [main] === INFO  === o.s.w.s.m.m.a.RequestMappingHandlerMapping ==== Mapped "{[/error],produces=[text/html]}" onto public org.springframework.web.servlet.ModelAndView org.springframework.boot.autoconfigure.web.BasicErrorController.errorHtml(javax.servlet.http.HttpServletRequest,javax.servlet.http.HttpServletResponse)
2018-08-30 === [main] === INFO  === o.s.web.servlet.handler.SimpleUrlHandlerMapping ==== Mapped URL path [/webjars/**] onto handler of type [class org.springframework.web.servlet.resource.ResourceHttpRequestHandler]
2018-08-30 === [main] === INFO  === o.s.web.servlet.handler.SimpleUrlHandlerMapping ==== Mapped URL path [/**] onto handler of type [class org.springframework.web.servlet.resource.ResourceHttpRequestHandler]
2018-08-30 === [main] === INFO  === o.s.web.servlet.handler.SimpleUrlHandlerMapping ==== Mapped URL path [/**/favicon.ico] onto handler of type [class org.springframework.web.servlet.resource.ResourceHttpRequestHandler]
2018-08-30 === [main] === INFO  === o.s.jmx.export.annotation.AnnotationMBeanExporter ==== Registering beans for JMX exposure on startup
2018-08-30 === [main] === INFO  === o.s.b.c.e.tomcat.TomcatEmbeddedServletContainer ==== Tomcat started on port(s): 8081 (http)
2018-08-30 === [main] === INFO  === com.xdw.PCWebApplication ==== Started PCWebApplication in 3.831 seconds (JVM running for 4.722)
2018-08-30 === [http-nio-8081-exec-1] === INFO  === o.a.c.core.ContainerBase.[Tomcat].[localhost].[/] ==== Initializing Spring FrameworkServlet 'dispatcherServlet'
2018-08-30 === [http-nio-8081-exec-1] === INFO  === org.springframework.web.servlet.DispatcherServlet ==== FrameworkServlet 'dispatcherServlet': initialization started
2018-08-30 === [http-nio-8081-exec-1] === INFO  === org.springframework.web.servlet.DispatcherServlet ==== FrameworkServlet 'dispatcherServlet': initialization completed in 21 ms
2018-08-30 === [http-nio-8081-exec-1] === WARN  === org.apache.tomcat.jdbc.pool.PooledConnection ==== Not loading a JDBC driver as driverClassName property is null.
2018-08-30 === [http-nio-8081-exec-1] === WARN  === org.apache.tomcat.jdbc.pool.PooledConnection ==== Not loading a JDBC driver as driverClassName property is null.
2018-08-30 === [http-nio-8081-exec-1] === WARN  === org.apache.tomcat.jdbc.pool.PooledConnection ==== Not loading a JDBC driver as driverClassName property is null.
2018-08-30 === [http-nio-8081-exec-1] === WARN  === org.apache.tomcat.jdbc.pool.PooledConnection ==== Not loading a JDBC driver as driverClassName property is null.
2018-08-30 === [http-nio-8081-exec-1] === WARN  === org.apache.tomcat.jdbc.pool.PooledConnection ==== Not loading a JDBC driver as driverClassName property is null.
2018-08-30 === [http-nio-8081-exec-1] === WARN  === org.apache.tomcat.jdbc.pool.PooledConnection ==== Not loading a JDBC driver as driverClassName property is null.
2018-08-30 === [http-nio-8081-exec-1] === WARN  === org.apache.tomcat.jdbc.pool.PooledConnection ==== Not loading a JDBC driver as driverClassName property is null.
2018-08-30 === [http-nio-8081-exec-1] === WARN  === org.apache.tomcat.jdbc.pool.PooledConnection ==== Not loading a JDBC driver as driverClassName property is null.
2018-08-30 === [http-nio-8081-exec-1] === WARN  === org.apache.tomcat.jdbc.pool.PooledConnection ==== Not loading a JDBC driver as driverClassName property is null.
2018-08-30 === [http-nio-8081-exec-1] === WARN  === org.apache.tomcat.jdbc.pool.PooledConnection ==== Not loading a JDBC driver as driverClassName property is null.
2018-08-30 === [http-nio-8081-exec-1] === DEBUG === com.xdw.dao.UserRegistDao.login ==== ==>  Preparing: select * from user_regist where 1=1 and password = ? and id = ? 
2018-08-30 === [http-nio-8081-exec-1] === DEBUG === com.xdw.dao.UserRegistDao.login ==== ==> Parameters: e10adc3949ba59abbe56e057f20f883e(String), 1(Long)
2018-08-30 === [http-nio-8081-exec-1] === DEBUG === com.xdw.dao.UserRegistDao.login ==== <==      Total: 1
2018-08-30 === [http-nio-8081-exec-1] === DEBUG === com.xdw.dao.UserRegistDao.updateUserInfo ==== ==>  Preparing: update user_regist SET password = ?, updateTime = ? where id = ? 
2018-08-30 === [http-nio-8081-exec-1] === DEBUG === com.xdw.dao.UserRegistDao.updateUserInfo ==== ==> Parameters: fcea920f7412b5da7be0cf42b8c93759(String), 2018-08-30 14:13:49.215(Timestamp), 1(Long)
2018-08-30 === [http-nio-8081-exec-1] === DEBUG === com.xdw.dao.UserRegistDao.updateUserInfo ==== <==    Updates: 1
2018-08-30 === [main] === INFO  === com.xdw.CoreWebApplication ==== Starting CoreWebApplication on DESKTOP-BUHQKD8 with PID 17412 (D:\caohuan\xiao-dai-wang\xdw-core\target\classes started by Mr_liu in D:\caohuan\xiao-dai-wang)
2018-08-30 === [main] === INFO  === com.xdw.CoreWebApplication ==== The following profiles are active: dev
2018-08-30 === [main] === INFO  === o.s.b.c.e.AnnotationConfigEmbeddedWebApplicationContext ==== Refreshing org.springframework.boot.context.embedded.AnnotationConfigEmbeddedWebApplicationContext@6f36c2f0: startup date [Thu Aug 30 14:31:36 CST 2018]; root of context hierarchy
2018-08-30 === [main] === WARN  === org.mybatis.spring.mapper.ClassPathMapperScanner ==== No MyBatis mapper was found in '[com.shenmajr.insurance.mapper.oracle]' package. Please check your configuration.
2018-08-30 === [main] === INFO  === o.s.b.c.e.tomcat.TomcatEmbeddedServletContainer ==== Tomcat initialized with port(s): 8082 (http)
2018-08-30 === [main] === INFO  === org.apache.catalina.core.StandardService ==== Starting service [Tomcat]
2018-08-30 === [main] === INFO  === org.apache.catalina.core.StandardEngine ==== Starting Servlet Engine: Apache Tomcat/8.5.27
2018-08-30 === [localhost-startStop-1] === INFO  === org.apache.jasper.servlet.TldScanner ==== At least one JAR was scanned for TLDs yet contained no TLDs. Enable debug logging for this logger for a complete list of JARs that were scanned but no TLDs were found in them. Skipping unneeded JARs during scanning can improve startup time and JSP compilation time.
2018-08-30 === [localhost-startStop-1] === INFO  === o.a.c.core.ContainerBase.[Tomcat].[localhost].[/] ==== Initializing Spring embedded WebApplicationContext
2018-08-30 === [localhost-startStop-1] === INFO  === org.springframework.web.context.ContextLoader ==== Root WebApplicationContext: initialization completed in 1591 ms
2018-08-30 === [localhost-startStop-1] === INFO  === o.s.boot.web.servlet.ServletRegistrationBean ==== Mapping servlet: 'dispatcherServlet' to [/]
2018-08-30 === [localhost-startStop-1] === INFO  === o.s.boot.web.servlet.FilterRegistrationBean ==== Mapping filter: 'characterEncodingFilter' to: [/*]
2018-08-30 === [localhost-startStop-1] === INFO  === o.s.boot.web.servlet.FilterRegistrationBean ==== Mapping filter: 'hiddenHttpMethodFilter' to: [/*]
2018-08-30 === [localhost-startStop-1] === INFO  === o.s.boot.web.servlet.FilterRegistrationBean ==== Mapping filter: 'httpPutFormContentFilter' to: [/*]
2018-08-30 === [localhost-startStop-1] === INFO  === o.s.boot.web.servlet.FilterRegistrationBean ==== Mapping filter: 'requestContextFilter' to: [/*]
2018-08-30 === [main] === INFO  === o.s.w.s.m.m.a.RequestMappingHandlerAdapter ==== Looking for @ControllerAdvice: org.springframework.boot.context.embedded.AnnotationConfigEmbeddedWebApplicationContext@6f36c2f0: startup date [Thu Aug 30 14:31:36 CST 2018]; root of context hierarchy
2018-08-30 === [main] === INFO  === o.s.w.s.m.m.a.RequestMappingHandlerMapping ==== Mapped "{[/advertising/deleteAdvertising]}" onto public com.xdw.util.JsonView com.xdw.controller.advertisingController.AdvertisingController.deleteAdvertising(java.lang.Long)
2018-08-30 === [main] === INFO  === o.s.w.s.m.m.a.RequestMappingHandlerMapping ==== Mapped "{[/advertising/selectAdvertisingAll]}" onto public com.xdw.util.JsonView com.xdw.controller.advertisingController.AdvertisingController.selectAdvertisingAll(com.xdw.util.PageRequest)
2018-08-30 === [main] === INFO  === o.s.w.s.m.m.a.RequestMappingHandlerMapping ==== Mapped "{[/advertising/updateAdvertising]}" onto public com.xdw.util.JsonView com.xdw.controller.advertisingController.AdvertisingController.updateAdvertising(com.xdw.entity.Advertising)
2018-08-30 === [main] === INFO  === o.s.w.s.m.m.a.RequestMappingHandlerMapping ==== Mapped "{[/advertising/insertAdvertising]}" onto public com.xdw.util.JsonView com.xdw.controller.advertisingController.AdvertisingController.insertAdvertising(com.xdw.entity.Advertising)
2018-08-30 === [main] === INFO  === o.s.w.s.m.m.a.RequestMappingHandlerMapping ==== Mapped "{[/advertising/selectAdvertisingById]}" onto public com.xdw.util.JsonView com.xdw.controller.advertisingController.AdvertisingController.selectAdvertisingById(java.lang.Long)
2018-08-30 === [main] === INFO  === o.s.w.s.m.m.a.RequestMappingHandlerMapping ==== Mapped "{[/random/random]}" onto public com.xdw.util.JsonView com.xdw.controller.RandomController.random()
2018-08-30 === [main] === INFO  === o.s.w.s.m.m.a.RequestMappingHandlerMapping ==== Mapped "{[/merchant/sms/sendSMS],methods=[POST]}" onto public com.xdw.util.JsonView com.xdw.controller.SMSController.sendSMS(java.lang.String) throws com.aliyuncs.exceptions.ClientException
2018-08-30 === [main] === INFO  === o.s.w.s.m.m.a.RequestMappingHandlerMapping ==== Mapped "{[/merchant/sms/checkSMS],methods=[POST]}" onto public com.xdw.util.JsonView com.xdw.controller.SMSController.checkSMS(java.lang.String,java.lang.String,java.lang.String,java.lang.String)
2018-08-30 === [main] === INFO  === o.s.w.s.m.m.a.RequestMappingHandlerMapping ==== Mapped "{[/uploadFile/files]}" onto public com.xdw.util.JsonView com.xdw.controller.UploadFileController.uploadFile(org.springframework.web.multipart.MultipartFile[],javax.servlet.http.HttpServletRequest)
2018-08-30 === [main] === INFO  === o.s.w.s.m.m.a.RequestMappingHandlerMapping ==== Mapped "{[/user/loan/updateUserLoanInfoById]}" onto public com.xdw.util.JsonView com.xdw.controller.userloanController.UserLoanController.updateUserLoanInfoById(com.xdw.entity.UserLoan)
2018-08-30 === [main] === INFO  === o.s.w.s.m.m.a.RequestMappingHandlerMapping ==== Mapped "{[/user/loan/selectUserLoanByUserId]}" onto public com.xdw.util.JsonView com.xdw.controller.userloanController.UserLoanController.selectUserLoanByUserId(java.lang.Long,com.xdw.util.PageRequest)
2018-08-30 === [main] === INFO  === o.s.w.s.m.m.a.RequestMappingHandlerMapping ==== Mapped "{[/user/loan/selectUserLoanById]}" onto public com.xdw.util.JsonView com.xdw.controller.userloanController.UserLoanController.selectUserLoanById(java.lang.Long)
2018-08-30 === [main] === INFO  === o.s.w.s.m.m.a.RequestMappingHandlerMapping ==== Mapped "{[/user/loan/selectUserLoanAll]}" onto public com.xdw.util.JsonView com.xdw.controller.userloanController.UserLoanController.selectUserLoanAll(com.xdw.entity.UserLoan,com.xdw.util.PageRequest)
2018-08-30 === [main] === INFO  === o.s.w.s.m.m.a.RequestMappingHandlerMapping ==== Mapped "{[/coreUserManage/selectAllUserByPage]}" onto public com.xdw.util.JsonView com.xdw.controller.userManageController.UserManageController.selectAllUserByPage(java.lang.String,java.util.Date,java.lang.String,com.xdw.util.PageRequest)
2018-08-30 === [main] === INFO  === o.s.w.s.m.m.a.RequestMappingHandlerMapping ==== Mapped "{[/error]}" onto public org.springframework.http.ResponseEntity<java.util.Map<java.lang.String, java.lang.Object>> org.springframework.boot.autoconfigure.web.BasicErrorController.error(javax.servlet.http.HttpServletRequest)
2018-08-30 === [main] === INFO  === o.s.w.s.m.m.a.RequestMappingHandlerMapping ==== Mapped "{[/error],produces=[text/html]}" onto public org.springframework.web.servlet.ModelAndView org.springframework.boot.autoconfigure.web.BasicErrorController.errorHtml(javax.servlet.http.HttpServletRequest,javax.servlet.http.HttpServletResponse)
2018-08-30 === [main] === INFO  === o.s.web.servlet.handler.SimpleUrlHandlerMapping ==== Mapped URL path [/webjars/**] onto handler of type [class org.springframework.web.servlet.resource.ResourceHttpRequestHandler]
2018-08-30 === [main] === INFO  === o.s.web.servlet.handler.SimpleUrlHandlerMapping ==== Mapped URL path [/**] onto handler of type [class org.springframework.web.servlet.resource.ResourceHttpRequestHandler]
2018-08-30 === [main] === INFO  === o.s.web.servlet.handler.SimpleUrlHandlerMapping ==== Mapped URL path [/**/favicon.ico] onto handler of type [class org.springframework.web.servlet.resource.ResourceHttpRequestHandler]
2018-08-30 === [main] === INFO  === o.s.jmx.export.annotation.AnnotationMBeanExporter ==== Registering beans for JMX exposure on startup
2018-08-30 === [main] === INFO  === o.s.b.c.e.tomcat.TomcatEmbeddedServletContainer ==== Tomcat started on port(s): 8082 (http)
2018-08-30 === [main] === INFO  === com.xdw.CoreWebApplication ==== Started CoreWebApplication in 4.283 seconds (JVM running for 5.301)
2018-08-30 === [http-nio-8082-exec-2] === INFO  === o.a.c.core.ContainerBase.[Tomcat].[localhost].[/] ==== Initializing Spring FrameworkServlet 'dispatcherServlet'
2018-08-30 === [http-nio-8082-exec-2] === INFO  === org.springframework.web.servlet.DispatcherServlet ==== FrameworkServlet 'dispatcherServlet': initialization started
2018-08-30 === [http-nio-8082-exec-2] === INFO  === org.springframework.web.servlet.DispatcherServlet ==== FrameworkServlet 'dispatcherServlet': initialization completed in 26 ms
2018-08-30 === [http-nio-8082-exec-2] === WARN  === org.apache.tomcat.jdbc.pool.PooledConnection ==== Not loading a JDBC driver as driverClassName property is null.
2018-08-30 === [http-nio-8082-exec-2] === WARN  === org.apache.tomcat.jdbc.pool.PooledConnection ==== Not loading a JDBC driver as driverClassName property is null.
2018-08-30 === [http-nio-8082-exec-2] === WARN  === org.apache.tomcat.jdbc.pool.PooledConnection ==== Not loading a JDBC driver as driverClassName property is null.
2018-08-30 === [http-nio-8082-exec-2] === WARN  === org.apache.tomcat.jdbc.pool.PooledConnection ==== Not loading a JDBC driver as driverClassName property is null.
2018-08-30 === [http-nio-8082-exec-2] === WARN  === org.apache.tomcat.jdbc.pool.PooledConnection ==== Not loading a JDBC driver as driverClassName property is null.
2018-08-30 === [http-nio-8082-exec-2] === WARN  === org.apache.tomcat.jdbc.pool.PooledConnection ==== Not loading a JDBC driver as driverClassName property is null.
2018-08-30 === [http-nio-8082-exec-2] === WARN  === org.apache.tomcat.jdbc.pool.PooledConnection ==== Not loading a JDBC driver as driverClassName property is null.
2018-08-30 === [http-nio-8082-exec-2] === WARN  === org.apache.tomcat.jdbc.pool.PooledConnection ==== Not loading a JDBC driver as driverClassName property is null.
2018-08-30 === [http-nio-8082-exec-2] === WARN  === org.apache.tomcat.jdbc.pool.PooledConnection ==== Not loading a JDBC driver as driverClassName property is null.
2018-08-30 === [http-nio-8082-exec-2] === WARN  === org.apache.tomcat.jdbc.pool.PooledConnection ==== Not loading a JDBC driver as driverClassName property is null.
2018-08-30 === [http-nio-8082-exec-2] === DEBUG === com.xdw.dao.UserRegistDao.selectUserByPage_COUNT ==== ==>  Preparing: SELECT count(0) FROM user_regist ur LEFT JOIN user_loan ul ON ul.userId = ur.id WHERE 1 = 1 AND ur.status = 1 
2018-08-30 === [http-nio-8082-exec-2] === DEBUG === com.xdw.dao.UserRegistDao.selectUserByPage_COUNT ==== ==> Parameters: 
2018-08-30 === [http-nio-8082-exec-2] === DEBUG === com.xdw.dao.UserRegistDao.selectUserByPage_COUNT ==== <==      Total: 1
2018-08-30 === [http-nio-8082-exec-2] === DEBUG === com.xdw.dao.UserRegistDao.selectUserByPage ==== ==>  Preparing: select ur.*,ul.city from user_regist ur left join user_loan ul on ul.userId = ur.id where 1=1 and ur.status = 1 limit ?,? 
2018-08-30 === [http-nio-8082-exec-2] === DEBUG === com.xdw.dao.UserRegistDao.selectUserByPage ==== ==> Parameters: 0(Integer), 20(Integer)
2018-08-30 === [http-nio-8082-exec-2] === DEBUG === com.xdw.dao.UserRegistDao.selectUserByPage ==== <==      Total: 2
2018-08-30 === [http-nio-8082-exec-3] === DEBUG === com.xdw.dao.UserRegistDao.selectUserByPage_COUNT ==== ==>  Preparing: SELECT count(0) FROM user_regist ur LEFT JOIN user_loan ul ON ul.userId = ur.id WHERE 1 = 1 AND ur.userName = ? AND ur.status = 1 
2018-08-30 === [http-nio-8082-exec-3] === DEBUG === com.xdw.dao.UserRegistDao.selectUserByPage_COUNT ==== ==> Parameters: 15032072575(String)
2018-08-30 === [http-nio-8082-exec-3] === DEBUG === com.xdw.dao.UserRegistDao.selectUserByPage_COUNT ==== <==      Total: 1
2018-08-30 === [http-nio-8082-exec-3] === DEBUG === com.xdw.dao.UserRegistDao.selectUserByPage ==== ==>  Preparing: select ur.*,ul.city from user_regist ur left join user_loan ul on ul.userId = ur.id where 1=1 and ur.userName = ? and ur.status = 1 limit ?,? 
2018-08-30 === [http-nio-8082-exec-3] === DEBUG === com.xdw.dao.UserRegistDao.selectUserByPage ==== ==> Parameters: 15032072575(String), 0(Integer), 20(Integer)
2018-08-30 === [http-nio-8082-exec-3] === DEBUG === com.xdw.dao.UserRegistDao.selectUserByPage ==== <==      Total: 1
